<?xml version="1.0" encoding="UTF-8"?>
<!-- Generated by org.testng.reporters.JUnitReportReporter -->
<testsuite hostname="mayura" failures="0" tests="2" name="com.eq.runner.RunnerTest" time="10.134" errors="0" timestamp="2025-09-21T00:33:15 IST" skipped="0">
  <testcase classname="com.eq.runner.RunnerTest" name="runScenario" time="5.798"/>
  <testcase classname="com.eq.runner.RunnerTest" name="runScenario" time="4.336"/>
</testsuite> <!-- com.eq.runner.RunnerTest -->
