<?xml version="1.0" encoding="UTF-8"?>
<!-- Generated by org.testng.reporters.JUnitReportReporter -->
<testsuite hostname="mayura" failures="0" tests="2" name="com.eq.runner.RunnerTest" time="7.326" errors="0" timestamp="2025-09-19T19:07:30 IST" skipped="0">
  <testcase classname="com.eq.runner.RunnerTest" name="runScenario" time="5.152"/>
  <testcase classname="com.eq.runner.RunnerTest" name="runScenario" time="2.174"/>
</testsuite> <!-- com.eq.runner.RunnerTest -->
