<?xml version="1.0" encoding="UTF-8"?>
<!-- Generated by org.testng.reporters.JUnitReportReporter -->
<testsuite hostname="mayura" failures="0" tests="1" name="com.eq.runner.RunnerTest" time="234.727" errors="0" timestamp="2025-09-19T18:06:50 IST" skipped="0">
  <testcase classname="com.eq.runner.RunnerTest" name="runScenario" time="234.727"/>
</testsuite> <!-- com.eq.runner.RunnerTest -->
