<?xml version="1.0" encoding="UTF-8"?>
<!-- Generated by org.testng.reporters.JUnitReportReporter -->
<testsuite hostname="mayura" failures="0" tests="2" name="com.eq.runner.RunnerTest" time="14.348" errors="0" timestamp="2025-09-19T18:32:13 IST" skipped="0">
  <testcase classname="com.eq.runner.RunnerTest" name="runScenario" time="6.690"/>
  <testcase classname="com.eq.runner.RunnerTest" name="runScenario" time="7.658"/>
</testsuite> <!-- com.eq.runner.RunnerTest -->
