<?xml version="1.0" encoding="UTF-8"?>
<!-- Generated by org.testng.reporters.JUnitReportReporter -->
<testsuite hostname="mayura" failures="0" tests="1" name="com.eq.runner.RunnerTest" time="7.300" errors="0" timestamp="2025-09-19T17:07:24 IST" skipped="0">
  <testcase classname="com.eq.runner.RunnerTest" name="runScenario" time="7.300"/>
</testsuite> <!-- com.eq.runner.RunnerTest -->
